<?xml version="1.0" encoding="UTF-8"?>
<testsuite xmlns:xsi="http://www.w3.org/2001/XMLSchema-instance" xsi:noNamespaceSchemaLocation="https://maven.apache.org/surefire/maven-surefire-plugin/xsd/surefire-test-report-3.0.xsd" version="3.0" name="com.itheima.helloworld.HelloworldApplicationTests" time="5.601" tests="1" errors="0" skipped="0" failures="0">
  <properties>
[...]
</properties>
  <testcase name="contextLoads" classname="com.itheima.helloworld.HelloworldApplicationTests" time="1.558">
    <system-out><![CDATA[00:01:37.977 [main] INFO org.springframework.test.context.support.AnnotationConfigContextLoaderUtils -- Could not detect default configuration classes for test class [com.itheima.helloworld.HelloworldApplicationTests]: HelloworldApplicationTests does not declare any static, non-private, non-final, nested classes annotated with @Configuration.
00:01:38.225 [main] INFO org.springframework.boot.test.context.SpringBootTestContextBootstrapper -- Found @SpringBootConfiguration com.itheima.helloworld.HelloworldApplication for test class com.itheima.helloworld.HelloworldApplicationTests

  .   ____          _            __ _ _
 /\\ / ___'_ __ _ _(_)_ __  __ _ \ \ \ \
( ( )\___ | '_ | '_| | '_ \/ _` | \ \ \ \
 \\/  ___)| |_)| | | | | || (_| |  ) ) ) )
  '  |____| .__|_| |_|_| |_\__, | / / / /
 =========|_|==============|___/=/_/_/_/

 :: Spring Boot ::                (v3.3.2)

2024-07-25T00:01:39.147+08:00  INFO 85448 --- [           main] c.i.h.HelloworldApplicationTests         : Starting HelloworldApplicationTests using Java 21.0.1 with PID 85448 (started by LENOVO in E:\Linux课程相关资料(1)\Linux课程相关资料\部署工程demo\helloworld)
2024-07-25T00:01:39.152+08:00  INFO 85448 --- [           main] c.i.h.HelloworldApplicationTests         : No active profile set, falling back to 1 default profile: "default"
2024-07-25T00:01:41.670+08:00  INFO 85448 --- [           main] c.i.h.HelloworldApplicationTests         : Started HelloworldApplicationTests in 3.124 seconds (process running for 5.104)
]]></system-out>
    <system-err><![CDATA[WARNING: A Java agent has been loaded dynamically (D:\MySoft\maven\apache-maven-3.9.7\repo\net\bytebuddy\byte-buddy-agent\1.14.18\byte-buddy-agent-1.14.18.jar)
WARNING: If a serviceability tool is in use, please run with -XX:+EnableDynamicAgentLoading to hide this warning
WARNING: If a serviceability tool is not in use, please run with -Djdk.instrument.traceUsage for more information
WARNING: Dynamic loading of agents will be disallowed by default in a future release
]]></system-err>
  </testcase>
</testsuite>